TN:
SF:src/app.ts
FNF:0
FNH:0
DA:1,1
DA:2,1
DA:3,1
DA:4,1
DA:5,1
DA:6,1
DA:7,1
DA:8,1
DA:9,1
DA:10,1
DA:11,1
DA:12,1
DA:13,1
DA:14,1
DA:15,1
DA:16,1
DA:17,1
DA:18,1
DA:19,1
DA:20,1
DA:21,1
DA:22,1
DA:23,1
DA:24,1
DA:25,1
DA:26,1
DA:27,1
DA:28,1
DA:29,1
DA:30,1
DA:31,1
DA:32,1
DA:33,1
DA:34,1
DA:35,1
DA:36,1
DA:37,1
LF:37
LH:37
BRDA:20,0,0,0
BRF:1
BRH:0
end_of_record
TN:
SF:src/config/env.ts
FNF:0
FNH:0
DA:1,1
DA:2,1
DA:3,1
DA:4,1
DA:5,1
DA:6,1
DA:7,1
DA:8,1
DA:9,1
DA:10,1
DA:11,1
DA:12,1
DA:13,1
DA:14,1
DA:15,1
DA:16,1
DA:17,0
DA:18,0
DA:19,0
DA:20,1
DA:21,1
LF:21
LH:18
BRDA:16,0,0,0
BRF:1
BRH:0
end_of_record
TN:
SF:src/config/redis.ts
FN:18,connectRedis
FN:22,pingRedis
FNF:2
FNH:0
FNDA:0,connectRedis
FNDA:0,pingRedis
DA:1,1
DA:2,1
DA:3,1
DA:4,1
DA:5,1
DA:6,1
DA:7,1
DA:8,1
DA:9,1
DA:10,1
DA:11,0
DA:12,0
DA:13,1
DA:14,1
DA:15,0
DA:16,0
DA:17,1
DA:18,0
DA:19,0
DA:20,0
DA:21,1
DA:22,0
DA:23,0
DA:24,0
DA:25,0
DA:26,0
DA:27,0
DA:28,0
DA:29,0
DA:30,1
DA:31,1
LF:31
LH:16
BRF:0
BRH:0
end_of_record
TN:
SF:src/lib/crypto.ts
FN:5,hashPassword
FN:8,comparePassword
FNF:2
FNH:2
FNDA:13,hashPassword
FNDA:6,comparePassword
DA:1,1
DA:2,1
DA:3,1
DA:4,1
DA:5,1
DA:6,13
DA:7,1
DA:8,1
DA:9,6
LF:9
LH:9
BRDA:5,0,0,13
BRDA:8,1,0,6
BRF:2
BRH:2
end_of_record
TN:
SF:src/lib/id.ts
FN:3,generateId
FNF:1
FNH:1
FNDA:101,generateId
DA:1,1
DA:2,1
DA:3,1
LF:3
LH:3
BRDA:3,0,0,101
BRF:1
BRH:1
end_of_record
TN:
SF:src/middleware/auth.ts
FN:19,authenticate
FNF:1
FNH:1
FNDA:137,authenticate
DA:1,1
DA:2,1
DA:3,1
DA:4,1
DA:5,1
DA:6,1
DA:7,1
DA:8,1
DA:9,1
DA:10,1
DA:11,1
DA:12,1
DA:13,1
DA:14,1
DA:15,1
DA:16,1
DA:17,1
DA:18,1
DA:19,1
DA:20,137
DA:21,137
DA:22,6
DA:23,6
DA:24,6
DA:25,131
DA:26,131
DA:27,131
DA:28,131
DA:29,131
DA:30,131
DA:31,137
DA:32,2
DA:33,2
DA:34,137
LF:34
LH:34
BRDA:19,0,0,137
BRDA:21,1,0,132
BRDA:21,2,0,6
BRDA:24,3,0,131
BRDA:31,4,0,2
BRF:5
BRH:5
end_of_record
TN:
SF:src/middleware/authorize.ts
FN:15,authorize
FNF:1
FNH:1
FNDA:202,authorize
DA:1,1
DA:2,1
DA:3,1
DA:4,1
DA:5,1
DA:6,1
DA:7,1
DA:8,1
DA:9,1
DA:10,1
DA:11,1
DA:12,1
DA:13,1
DA:14,1
DA:15,1
DA:16,202
DA:17,66
DA:18,1
DA:19,1
DA:20,1
DA:21,65
DA:22,65
DA:23,66
DA:24,9
DA:25,9
DA:26,9
DA:27,56
DA:28,66
DA:29,202
LF:29
LH:29
BRDA:15,0,0,202
BRDA:16,1,0,66
BRDA:17,2,0,1
BRDA:20,3,0,65
BRDA:23,4,0,9
BRDA:26,5,0,56
BRDA:22,6,0,65
BRF:7
BRH:7
end_of_record
TN:
SF:src/middleware/errorHandler.ts
FN:7,errorHandler
FN:14,notFound
FN:18,createError
FNF:3
FNH:3
FNDA:3,errorHandler
FNDA:1,notFound
FNDA:51,createError
DA:1,1
DA:2,1
DA:3,1
DA:4,1
DA:5,1
DA:6,1
DA:7,1
DA:8,3
DA:9,3
DA:10,3
DA:11,3
DA:12,3
DA:13,1
DA:14,1
DA:15,1
DA:16,1
DA:17,1
DA:18,1
DA:19,51
DA:20,51
DA:21,51
DA:22,51
LF:22
LH:22
BRDA:7,0,0,3
BRDA:8,1,0,1
BRDA:9,2,0,1
BRDA:9,3,0,2
BRDA:10,4,0,1
BRDA:14,5,0,1
BRDA:18,6,0,51
BRF:7
BRH:7
end_of_record
TN:
SF:src/middleware/validate.ts
FN:4,validate
FNF:1
FNH:1
FNDA:139,validate
DA:1,1
DA:2,1
DA:3,1
DA:4,1
DA:5,139
DA:6,41
DA:7,41
DA:8,5
DA:9,5
DA:10,5
DA:11,36
DA:12,36
DA:13,41
DA:14,139
LF:14
LH:14
BRDA:4,0,0,139
BRDA:5,1,0,41
BRDA:7,2,0,5
BRDA:10,3,0,36
BRF:4
BRH:4
end_of_record
TN:
SF:src/routes/apps.routes.ts
FN:19,resolveEditable
FNF:1
FNH:1
FNDA:5,resolveEditable
DA:1,1
DA:2,1
DA:3,1
DA:4,1
DA:5,1
DA:6,1
DA:7,1
DA:8,1
DA:9,1
DA:10,1
DA:11,1
DA:12,1
DA:13,1
DA:14,1
DA:15,1
DA:16,1
DA:17,1
DA:18,1
DA:19,5
DA:20,5
DA:21,5
DA:22,2
DA:23,5
DA:24,2
DA:25,2
DA:26,2
DA:27,2
DA:28,5
DA:29,2
DA:30,2
DA:31,1
DA:32,1
DA:33,1
DA:34,1
DA:35,1
DA:36,1
DA:37,1
DA:38,1
DA:39,1
DA:40,1
DA:41,1
DA:42,1
DA:43,1
DA:44,1
DA:45,1
DA:46,1
DA:47,1
DA:48,1
DA:49,1
DA:50,1
DA:51,1
DA:52,1
DA:53,1
DA:54,1
DA:55,1
DA:56,1
DA:57,1
DA:58,1
DA:59,1
DA:60,1
DA:61,1
DA:62,1
DA:63,1
DA:64,1
DA:65,1
DA:66,1
DA:67,1
DA:68,1
DA:69,1
DA:70,1
DA:71,1
DA:72,1
DA:73,1
DA:74,1
DA:75,1
DA:76,1
DA:77,2
DA:78,2
DA:79,2
DA:80,1
DA:81,2
DA:82,1
DA:83,1
DA:84,2
DA:85,2
DA:86,2
DA:87,2
DA:88,2
DA:89,2
DA:90,2
DA:91,2
DA:92,2
DA:93,2
DA:94,2
DA:95,2
DA:96,2
DA:97,2
DA:98,2
DA:99,2
DA:100,2
DA:101,2
DA:102,1
DA:103,2
DA:104,2
DA:105,1
DA:106,1
DA:107,2
DA:108,2
DA:109,2
DA:110,1
DA:111,1
DA:112,1
DA:113,1
DA:114,1
DA:115,2
DA:116,2
DA:117,1
DA:118,1
DA:119,5
DA:120,5
DA:121,5
DA:122,4
DA:123,5
DA:124,1
DA:125,1
DA:126,1
DA:127,3
DA:128,3
DA:129,3
DA:130,5
DA:131,2
DA:132,2
DA:133,2
DA:134,2
DA:135,2
DA:136,2
DA:137,2
DA:138,2
DA:139,2
DA:140,3
DA:141,3
DA:142,5
DA:143,5
DA:144,1
DA:145,1
DA:146,1
DA:147,1
DA:148,1
DA:149,1
DA:150,1
DA:151,1
DA:152,1
DA:153,1
DA:154,1
DA:155,1
DA:156,1
DA:157,1
DA:158,1
DA:159,1
DA:160,1
DA:161,1
DA:162,1
DA:163,1
DA:164,1
DA:165,1
DA:166,1
DA:167,1
DA:168,1
LF:168
LH:168
BRDA:19,0,0,5
BRDA:20,1,0,2
BRDA:20,2,0,3
BRDA:20,3,0,2
BRDA:21,4,0,0
BRDA:21,5,0,2
BRDA:23,6,0,0
BRDA:23,7,0,2
BRDA:28,8,0,0
BRDA:28,9,0,2
BRDA:62,10,0,1
BRDA:72,11,0,1
BRDA:73,12,0,0
BRDA:76,13,0,2
BRDA:79,14,0,1
BRDA:81,15,0,0
BRDA:81,16,0,1
BRDA:84,17,0,0
BRDA:86,18,0,0
BRDA:88,19,0,0
BRDA:89,20,0,0
BRDA:90,21,0,0
BRDA:101,22,0,1
BRDA:103,23,0,0
BRDA:106,24,0,2
BRDA:109,25,0,1
BRDA:115,26,0,0
BRDA:118,27,0,5
BRDA:121,28,0,1
BRDA:121,29,0,4
BRDA:123,30,0,1
BRDA:126,31,0,3
BRDA:130,32,0,2
BRDA:135,33,0,0
BRDA:139,34,0,3
BRDA:142,35,0,0
BRDA:145,36,0,1
BRDA:146,37,0,0
BRDA:151,38,0,1
BRDA:152,39,0,0
BRDA:157,40,0,1
BRDA:158,41,0,0
BRDA:161,42,0,1
BRDA:165,43,0,0
BRF:44
BRH:26
end_of_record
TN:
SF:src/routes/auth.routes.ts
FNF:0
FNH:0
DA:1,1
DA:2,1
DA:3,1
DA:4,1
DA:5,1
DA:6,1
DA:7,1
DA:8,1
DA:9,1
DA:10,1
DA:11,1
DA:12,1
DA:13,1
DA:14,1
DA:15,1
DA:16,1
DA:17,1
DA:18,1
DA:19,1
DA:20,1
DA:21,1
DA:22,1
DA:23,2
DA:24,2
DA:25,2
DA:26,1
DA:27,1
DA:28,1
DA:29,2
DA:30,1
DA:31,1
DA:32,2
DA:33,2
DA:34,2
DA:35,1
DA:36,1
DA:37,2
DA:38,2
DA:39,1
DA:40,1
DA:41,1
DA:42,1
DA:43,1
DA:44,1
DA:45,1
DA:46,1
DA:47,1
DA:48,1
DA:49,2
DA:50,2
DA:51,2
DA:52,1
DA:53,2
DA:54,2
DA:55,1
DA:56,1
DA:57,1
DA:58,1
DA:59,1
DA:60,1
DA:61,1
DA:62,1
DA:63,1
DA:64,1
LF:64
LH:64
BRDA:13,0,0,1
BRDA:19,1,0,0
BRDA:22,2,0,2
BRDA:25,3,0,1
BRDA:31,4,0,2
BRDA:34,5,0,1
BRDA:37,6,0,0
BRDA:40,7,0,1
BRDA:45,8,0,0
BRDA:48,9,0,2
BRDA:51,10,0,1
BRDA:53,11,0,0
BRDA:56,12,0,1
BRDA:61,13,0,0
BRF:14
BRH:9
end_of_record
TN:
SF:src/routes/chapter.routes.ts
FNF:0
FNH:0
DA:1,1
DA:2,1
DA:3,1
DA:4,1
DA:5,1
DA:6,1
DA:7,1
DA:8,1
DA:9,1
DA:10,1
DA:11,1
DA:12,1
DA:13,1
DA:14,1
DA:15,1
DA:16,1
DA:17,1
DA:18,1
DA:19,1
DA:20,1
DA:21,2
DA:22,2
DA:23,2
DA:24,1
DA:25,2
DA:26,2
DA:27,1
DA:28,1
DA:29,1
DA:30,1
DA:31,1
DA:32,1
DA:33,1
DA:34,1
DA:35,1
DA:36,1
DA:37,1
DA:38,1
DA:39,1
DA:40,1
DA:41,1
DA:42,1
DA:43,1
DA:44,1
DA:45,1
DA:46,1
DA:47,1
DA:48,1
DA:49,1
DA:50,1
DA:51,1
DA:52,1
LF:52
LH:52
BRDA:12,0,0,1
BRDA:13,1,0,0
BRDA:16,2,0,1
BRDA:17,3,0,0
BRDA:20,4,0,2
BRDA:23,5,0,1
BRDA:25,6,0,0
BRDA:28,7,0,1
BRDA:29,8,0,0
BRDA:32,9,0,1
BRDA:33,10,0,0
BRDA:36,11,0,1
BRDA:37,12,0,0
BRDA:40,13,0,1
BRDA:41,14,0,0
BRDA:44,15,0,1
BRDA:45,16,0,0
BRDA:48,17,0,1
BRDA:49,18,0,0
BRF:19
BRH:10
end_of_record
TN:
SF:src/routes/domain.routes.ts
FNF:0
FNH:0
DA:1,1
DA:2,1
DA:3,1
DA:4,1
DA:5,1
DA:6,1
DA:7,1
DA:8,1
DA:9,1
DA:10,1
DA:11,1
DA:12,1
DA:13,1
DA:14,1
DA:15,1
DA:16,1
DA:17,1
DA:18,1
DA:19,1
DA:20,1
DA:21,2
DA:22,2
DA:23,2
DA:24,1
DA:25,2
DA:26,2
DA:27,1
DA:28,1
DA:29,1
DA:30,1
DA:31,1
DA:32,1
DA:33,1
DA:34,1
DA:35,1
DA:36,1
DA:37,1
DA:38,1
DA:39,1
DA:40,1
DA:41,1
DA:42,1
DA:43,1
DA:44,1
DA:45,2
DA:46,2
DA:47,2
DA:48,1
DA:49,2
DA:50,2
DA:51,1
DA:52,1
LF:52
LH:52
BRDA:12,0,0,1
BRDA:13,1,0,0
BRDA:16,2,0,1
BRDA:17,3,0,0
BRDA:20,4,0,2
BRDA:23,5,0,1
BRDA:25,6,0,0
BRDA:28,7,0,1
BRDA:29,8,0,0
BRDA:32,9,0,1
BRDA:33,10,0,0
BRDA:36,11,0,1
BRDA:37,12,0,0
BRDA:40,13,0,1
BRDA:41,14,0,0
BRDA:44,15,0,2
BRDA:47,16,0,1
BRDA:49,17,0,0
BRF:18
BRH:10
end_of_record
TN:
SF:src/routes/guild.routes.ts
FNF:0
FNH:0
DA:1,1
DA:2,1
DA:3,1
DA:4,1
DA:5,1
DA:6,1
DA:7,1
DA:8,1
DA:9,1
DA:10,1
DA:11,1
DA:12,1
DA:13,1
DA:14,1
DA:15,1
DA:16,1
DA:17,1
DA:18,1
DA:19,1
DA:20,2
DA:21,2
DA:22,2
DA:23,1
DA:24,2
DA:25,2
DA:26,1
DA:27,1
DA:28,1
DA:29,1
DA:30,1
DA:31,1
DA:32,1
DA:33,1
DA:34,1
DA:35,1
DA:36,1
DA:37,1
DA:38,1
DA:39,1
DA:40,1
DA:41,1
DA:42,1
DA:43,1
DA:44,1
DA:45,1
DA:46,1
DA:47,1
DA:48,1
LF:48
LH:48
BRDA:11,0,0,1
BRDA:12,1,0,0
BRDA:15,2,0,1
BRDA:16,3,0,0
BRDA:19,4,0,2
BRDA:22,5,0,1
BRDA:24,6,0,0
BRDA:27,7,0,1
BRDA:28,8,0,0
BRDA:31,9,0,1
BRDA:32,10,0,0
BRDA:35,11,0,1
BRDA:36,12,0,0
BRDA:40,13,0,1
BRDA:41,14,0,0
BRDA:44,15,0,1
BRDA:45,16,0,0
BRF:17
BRH:9
end_of_record
TN:
SF:src/routes/index.ts
FNF:0
FNH:0
DA:1,1
DA:2,1
DA:3,1
DA:4,1
DA:5,1
DA:6,1
DA:7,1
DA:8,1
DA:9,1
DA:10,1
DA:11,1
DA:12,1
DA:13,1
DA:14,1
DA:15,1
DA:16,1
DA:17,1
DA:18,1
DA:19,1
DA:20,1
DA:21,1
DA:22,1
DA:23,1
DA:24,1
DA:25,1
DA:26,1
DA:27,1
DA:28,1
DA:29,1
DA:30,1
DA:31,1
LF:31
LH:31
BRF:0
BRH:0
end_of_record
TN:
SF:src/routes/infra.routes.ts
FNF:0
FNH:0
DA:1,1
DA:2,1
DA:3,1
DA:4,1
DA:5,1
DA:6,1
DA:7,1
DA:8,1
DA:9,1
DA:10,1
DA:11,1
DA:12,1
DA:13,1
DA:14,2
DA:15,2
DA:16,2
DA:17,1
DA:18,2
DA:19,2
DA:20,1
DA:21,1
DA:22,1
DA:23,1
DA:24,1
DA:25,1
LF:25
LH:25
BRDA:9,0,0,1
BRDA:10,1,0,0
BRDA:13,2,0,2
BRDA:16,3,0,1
BRDA:18,4,0,0
BRDA:21,5,0,1
BRDA:22,6,0,0
BRF:7
BRH:4
end_of_record
TN:
SF:src/routes/member.routes.ts
FNF:0
FNH:0
DA:1,1
DA:2,1
DA:3,1
DA:4,1
DA:5,1
DA:6,1
DA:7,1
DA:8,1
DA:9,1
DA:10,1
DA:11,1
DA:12,1
DA:13,1
DA:14,1
DA:15,1
DA:16,1
DA:17,1
DA:18,1
DA:19,1
DA:20,2
DA:21,2
DA:22,2
DA:23,1
DA:24,2
DA:25,2
DA:26,1
DA:27,1
DA:28,1
DA:29,1
DA:30,1
DA:31,1
DA:32,1
DA:33,1
DA:34,1
DA:35,1
DA:36,1
DA:37,1
DA:38,1
DA:39,1
LF:39
LH:39
BRDA:11,0,0,1
BRDA:12,1,0,0
BRDA:15,2,0,1
BRDA:16,3,0,0
BRDA:19,4,0,2
BRDA:22,5,0,1
BRDA:24,6,0,0
BRDA:27,7,0,1
BRDA:28,8,0,0
BRDA:31,9,0,1
BRDA:32,10,0,0
BRDA:35,11,0,1
BRDA:36,12,0,0
BRF:13
BRH:7
end_of_record
TN:
SF:src/routes/org.routes.ts
FNF:0
FNH:0
DA:1,1
DA:2,1
DA:3,1
DA:4,1
DA:5,1
DA:6,1
DA:7,1
DA:8,1
DA:9,1
DA:10,1
DA:11,2
DA:12,2
DA:13,2
DA:14,2
DA:15,2
DA:16,2
DA:17,1
DA:18,1
DA:19,1
DA:20,1
DA:21,1
DA:22,1
DA:23,1
DA:24,1
DA:25,1
DA:26,1
DA:27,1
DA:28,1
DA:29,1
DA:30,1
DA:31,1
DA:32,1
DA:33,1
DA:34,1
DA:35,1
DA:36,1
LF:36
LH:36
BRDA:10,0,0,2
BRDA:15,1,0,0
BRDA:13,2,0,1
BRDA:18,3,0,1
BRDA:33,4,0,0
BRDA:21,5,0,1
BRDA:24,6,0,1
BRDA:29,7,0,1
BRF:8
BRH:6
end_of_record
TN:
SF:src/routes/squad.routes.ts
FN:21,canManageSquadMembers
FN:31,requireSquadManage
FNF:2
FNH:0
FNDA:0,canManageSquadMembers
FNDA:0,requireSquadManage
DA:1,1
DA:2,1
DA:3,1
DA:4,1
DA:5,1
DA:6,1
DA:7,1
DA:8,1
DA:9,1
DA:10,1
DA:11,1
DA:12,1
DA:13,1
DA:14,1
DA:15,1
DA:16,1
DA:17,1
DA:18,1
DA:19,1
DA:20,1
DA:21,0
DA:22,0
DA:23,0
DA:24,0
DA:25,0
DA:26,0
DA:27,0
DA:28,0
DA:29,0
DA:30,1
DA:31,0
DA:32,0
DA:33,0
DA:34,0
DA:35,0
DA:36,0
DA:37,1
DA:38,1
DA:39,1
DA:40,1
DA:41,1
DA:42,1
DA:43,1
DA:44,1
DA:45,1
DA:46,1
DA:47,1
DA:48,1
DA:49,2
DA:50,2
DA:51,2
DA:52,1
DA:53,2
DA:54,2
DA:55,1
DA:56,1
DA:57,1
DA:58,1
DA:59,1
DA:60,1
DA:61,1
DA:62,1
DA:63,1
DA:64,1
DA:65,1
DA:66,1
DA:67,1
DA:68,1
DA:69,1
DA:70,1
DA:71,1
DA:72,0
DA:73,0
DA:74,0
DA:75,0
DA:76,0
DA:77,1
DA:78,1
DA:79,1
DA:80,1
DA:81,1
DA:82,1
DA:83,0
DA:84,0
DA:85,0
DA:86,0
DA:87,0
DA:88,1
DA:89,1
DA:90,1
DA:91,1
DA:92,1
DA:93,0
DA:94,0
DA:95,1
DA:96,1
DA:97,1
DA:98,1
DA:99,1
DA:100,1
DA:101,1
DA:102,0
DA:103,0
DA:104,1
DA:105,1
DA:106,1
DA:107,1
DA:108,1
DA:109,1
DA:110,1
DA:111,1
DA:112,1
DA:113,1
DA:114,1
DA:115,1
DA:116,2
DA:117,2
DA:118,2
DA:119,1
DA:120,2
DA:121,2
DA:122,1
DA:123,1
DA:124,1
DA:125,1
DA:126,1
DA:127,1
DA:128,1
DA:129,1
DA:130,1
DA:131,1
DA:132,1
DA:133,1
DA:134,1
DA:135,1
DA:136,1
DA:137,1
DA:138,1
DA:139,1
DA:140,1
DA:141,1
DA:142,1
DA:143,1
DA:144,1
DA:145,1
DA:146,1
DA:147,1
DA:148,1
DA:149,1
DA:150,2
DA:151,2
DA:152,2
DA:153,1
DA:154,2
DA:155,2
DA:156,1
DA:157,1
DA:158,2
DA:159,2
DA:160,2
DA:161,1
DA:162,2
DA:163,2
DA:164,1
DA:165,1
DA:166,1
DA:167,1
DA:168,1
DA:169,1
DA:170,1
DA:171,1
DA:172,1
DA:173,1
DA:174,1
DA:175,1
DA:176,1
DA:177,1
DA:178,1
DA:179,1
DA:180,1
DA:181,1
DA:182,1
DA:183,1
DA:184,1
DA:185,1
DA:186,1
DA:187,1
DA:188,1
DA:189,1
DA:190,1
DA:191,1
DA:192,1
DA:193,1
DA:194,1
DA:195,1
DA:196,1
DA:197,1
DA:198,1
DA:199,1
DA:200,2
DA:201,2
DA:202,2
DA:203,1
DA:204,1
DA:205,2
DA:206,2
DA:207,1
DA:208,1
DA:209,1
DA:210,1
DA:211,1
DA:212,1
DA:213,1
DA:214,1
DA:215,1
DA:216,1
DA:217,1
DA:218,1
DA:219,1
DA:220,1
DA:221,1
DA:222,1
DA:223,1
DA:224,1
DA:225,1
DA:226,1
DA:227,1
DA:228,1
LF:228
LH:199
BRDA:40,0,0,1
BRDA:41,1,0,0
BRDA:44,2,0,1
BRDA:45,3,0,0
BRDA:48,4,0,2
BRDA:51,5,0,1
BRDA:53,6,0,0
BRDA:56,7,0,1
BRDA:57,8,0,0
BRDA:60,9,0,1
BRDA:61,10,0,0
BRDA:64,11,0,1
BRDA:65,12,0,0
BRDA:97,13,0,1
BRDA:98,14,0,0
BRDA:107,15,0,1
BRDA:108,16,0,0
BRDA:111,17,0,1
BRDA:112,18,0,0
BRDA:115,19,0,2
BRDA:118,20,0,1
BRDA:120,21,0,0
BRDA:123,22,0,1
BRDA:124,23,0,0
BRDA:127,24,0,1
BRDA:128,25,0,0
BRDA:131,26,0,1
BRDA:132,27,0,0
BRDA:135,28,0,1
BRDA:136,29,0,0
BRDA:141,30,0,1
BRDA:142,31,0,0
BRDA:145,32,0,1
BRDA:146,33,0,0
BRDA:149,34,0,2
BRDA:152,35,0,1
BRDA:154,36,0,0
BRDA:157,37,0,2
BRDA:160,38,0,1
BRDA:162,39,0,0
BRDA:165,40,0,1
BRDA:166,41,0,0
BRDA:169,42,0,1
BRDA:170,43,0,0
BRDA:173,44,0,1
BRDA:174,45,0,0
BRDA:177,46,0,1
BRDA:178,47,0,0
BRDA:181,48,0,1
BRDA:182,49,0,0
BRDA:185,50,0,1
BRDA:186,51,0,0
BRDA:191,52,0,1
BRDA:192,53,0,0
BRDA:195,54,0,1
BRDA:196,55,0,0
BRDA:199,56,0,2
BRDA:202,57,0,1
BRDA:205,58,0,0
BRDA:208,59,0,1
BRDA:209,60,0,0
BRDA:212,61,0,1
BRDA:213,62,0,0
BRDA:216,63,0,1
BRDA:217,64,0,0
BRDA:220,65,0,1
BRDA:221,66,0,0
BRDA:224,67,0,1
BRDA:225,68,0,0
BRF:69
BRH:37
end_of_record
TN:
SF:src/routes/subdomain.routes.ts
FNF:0
FNH:0
DA:1,1
DA:2,1
DA:3,1
DA:4,1
DA:5,1
DA:6,1
DA:7,1
DA:8,1
DA:9,1
DA:10,1
DA:11,1
DA:12,1
DA:13,1
DA:14,1
DA:15,1
DA:16,1
DA:17,1
DA:18,1
DA:19,1
DA:20,2
DA:21,2
DA:22,2
DA:23,1
DA:24,2
DA:25,2
DA:26,1
DA:27,1
DA:28,1
DA:29,1
DA:30,1
DA:31,1
DA:32,1
DA:33,1
DA:34,1
DA:35,1
DA:36,1
DA:37,1
DA:38,1
DA:39,1
LF:39
LH:39
BRDA:11,0,0,1
BRDA:12,1,0,0
BRDA:15,2,0,1
BRDA:16,3,0,0
BRDA:19,4,0,2
BRDA:22,5,0,1
BRDA:24,6,0,0
BRDA:27,7,0,1
BRDA:28,8,0,0
BRDA:31,9,0,1
BRDA:32,10,0,0
BRDA:35,11,0,1
BRDA:36,12,0,0
BRF:13
BRH:7
end_of_record
TN:
SF:src/routes/tribe.routes.ts
FNF:0
FNH:0
DA:1,1
DA:2,1
DA:3,1
DA:4,1
DA:5,1
DA:6,1
DA:7,1
DA:8,1
DA:9,1
DA:10,1
DA:11,1
DA:12,1
DA:13,1
DA:14,1
DA:15,1
DA:16,1
DA:17,1
DA:18,1
DA:19,1
DA:20,1
DA:21,2
DA:22,2
DA:23,2
DA:24,1
DA:25,2
DA:26,2
DA:27,1
DA:28,1
DA:29,1
DA:30,1
DA:31,1
DA:32,1
DA:33,1
DA:34,1
DA:35,1
DA:36,1
DA:37,1
DA:38,1
DA:39,1
DA:40,1
DA:41,1
DA:42,1
DA:43,1
DA:44,1
DA:45,1
DA:46,1
DA:47,1
DA:48,1
LF:48
LH:48
BRDA:12,0,0,1
BRDA:13,1,0,0
BRDA:16,2,0,1
BRDA:17,3,0,0
BRDA:20,4,0,2
BRDA:23,5,0,1
BRDA:25,6,0,0
BRDA:28,7,0,1
BRDA:29,8,0,0
BRDA:32,9,0,1
BRDA:33,10,0,0
BRDA:36,11,0,1
BRDA:37,12,0,0
BRDA:40,13,0,1
BRDA:41,14,0,0
BRDA:44,15,0,1
BRDA:45,16,0,0
BRF:17
BRH:9
end_of_record
TN:
SF:src/services/app.service.ts
FN:27,fromHash
FN:31,create
FN:80,findAll
FN:89,findById
FN:94,findBySquad
FN:119,safeParseTags
FN:123,update
FN:161,remove
FNF:8
FNH:8
FNDA:7,fromHash
FNDA:3,create
FNDA:2,findAll
FNDA:8,findById
FNDA:1,findBySquad
FNDA:1,safeParseTags
FNDA:4,update
FNDA:2,remove
DA:1,1
DA:2,1
DA:3,1
DA:4,1
DA:5,1
DA:6,1
DA:7,1
DA:8,1
DA:9,1
DA:10,1
DA:11,1
DA:12,1
DA:13,1
DA:14,1
DA:15,1
DA:16,1
DA:17,1
DA:18,1
DA:19,1
DA:20,1
DA:21,1
DA:22,1
DA:23,1
DA:24,1
DA:25,1
DA:26,1
DA:27,7
DA:28,7
DA:29,7
DA:30,1
DA:31,3
DA:32,3
DA:33,3
DA:34,3
DA:35,3
DA:36,3
DA:37,3
DA:38,3
DA:39,3
DA:40,3
DA:41,3
DA:42,3
DA:43,3
DA:44,3
DA:45,3
DA:46,3
DA:47,3
DA:48,3
DA:49,3
DA:50,3
DA:51,3
DA:52,3
DA:53,3
DA:54,3
DA:55,3
DA:56,3
DA:57,3
DA:58,3
DA:59,3
DA:60,3
DA:61,3
DA:62,3
DA:63,3
DA:64,3
DA:65,3
DA:66,3
DA:67,3
DA:68,3
DA:69,3
DA:70,3
DA:71,3
DA:72,3
DA:73,3
DA:74,3
DA:75,3
DA:76,3
DA:77,3
DA:78,3
DA:79,1
DA:80,2
DA:81,2
DA:82,2
DA:83,1
DA:84,1
DA:85,1
DA:86,2
DA:87,2
DA:88,1
DA:89,8
DA:90,8
DA:91,8
DA:92,8
DA:93,1
DA:94,1
DA:95,1
DA:96,1
DA:97,0
DA:98,0
DA:99,0
DA:100,1
DA:101,1
DA:102,1
DA:103,1
DA:104,1
DA:105,1
DA:106,1
DA:107,1
DA:108,1
DA:109,1
DA:110,1
DA:111,1
DA:112,1
DA:113,1
DA:114,1
DA:115,1
DA:116,1
DA:117,1
DA:118,1
DA:119,1
DA:120,1
DA:121,1
DA:122,1
DA:123,4
DA:124,4
DA:125,4
DA:126,3
DA:127,3
DA:128,3
DA:129,3
DA:130,3
DA:131,3
DA:132,3
DA:133,3
DA:134,3
DA:135,3
DA:136,4
DA:137,36
DA:138,36
DA:139,1
DA:140,1
DA:141,1
DA:142,36
DA:143,3
DA:144,4
DA:145,1
DA:146,1
DA:147,1
DA:148,1
DA:149,2
DA:150,2
DA:151,2
DA:152,2
DA:153,1
DA:154,1
DA:155,3
DA:156,3
DA:157,3
DA:158,3
DA:159,3
DA:160,1
DA:161,2
DA:162,2
DA:163,2
DA:164,1
DA:165,1
DA:166,1
DA:167,1
DA:168,1
DA:169,1
LF:169
LH:166
BRDA:27,0,0,7
BRDA:31,1,0,3
BRDA:80,2,0,2
BRDA:82,3,0,1
BRDA:86,4,0,0
BRDA:84,5,0,2
BRDA:86,6,0,2
BRDA:86,7,0,2
BRDA:89,8,0,8
BRDA:91,9,0,5
BRDA:91,10,0,3
BRDA:94,11,0,1
BRDA:96,12,0,0
BRDA:119,13,0,1
BRDA:120,14,0,0
BRDA:120,15,0,0
BRDA:123,16,0,4
BRDA:125,17,0,1
BRDA:125,18,0,3
BRDA:136,19,0,36
BRDA:138,20,0,2
BRDA:138,21,0,1
BRDA:139,22,0,0
BRDA:142,23,0,3
BRDA:144,24,0,1
BRDA:148,25,0,2
BRDA:149,26,0,1
BRDA:149,27,0,0
BRDA:150,28,0,1
BRDA:150,29,0,0
BRDA:154,30,0,3
BRDA:161,31,0,2
BRDA:163,32,0,1
BRF:33
BRH:26
end_of_record
TN:
SF:src/services/appstatus.service.ts
FN:6,record
FN:49,getHistory
FN:54,getLatest
FN:59,getLatestAll
FNF:4
FNH:4
FNDA:3,record
FNDA:2,getHistory
FNDA:7,getLatest
FNDA:1,getLatestAll
DA:1,1
DA:2,1
DA:3,1
DA:4,1
DA:5,1
DA:6,3
DA:7,3
DA:8,3
DA:9,3
DA:10,3
DA:11,3
DA:12,3
DA:13,3
DA:14,3
DA:15,3
DA:16,3
DA:17,3
DA:18,3
DA:19,3
DA:20,3
DA:21,3
DA:22,3
DA:23,3
DA:24,3
DA:25,3
DA:26,3
DA:27,3
DA:28,3
DA:29,3
DA:30,3
DA:31,3
DA:32,3
DA:33,3
DA:34,3
DA:35,3
DA:36,3
DA:37,3
DA:38,3
DA:39,3
DA:40,3
DA:41,3
DA:42,3
DA:43,3
DA:44,3
DA:45,3
DA:46,3
DA:47,3
DA:48,1
DA:49,2
DA:50,2
DA:51,2
DA:52,2
DA:53,1
DA:54,7
DA:55,7
DA:56,7
DA:57,7
DA:58,1
DA:59,1
DA:60,1
DA:61,1
DA:62,1
DA:63,1
DA:64,1
DA:65,1
LF:65
LH:65
BRDA:6,0,0,3
BRDA:32,1,0,1
BRDA:36,2,0,1
BRDA:49,3,0,2
BRDA:51,4,0,1
BRDA:54,5,0,7
BRDA:56,6,0,2
BRDA:56,7,0,5
BRDA:59,8,0,1
BRDA:61,9,0,5
BRDA:63,10,0,5
BRDA:63,11,0,1
BRF:12
BRH:12
end_of_record
TN:
SF:src/services/audit.service.ts
FN:16,record
FN:25,getForApp
FNF:2
FNH:2
FNDA:3,record
FNDA:2,getForApp
DA:1,1
DA:2,1
DA:3,1
DA:4,1
DA:5,1
DA:6,1
DA:7,1
DA:8,1
DA:9,1
DA:10,1
DA:11,1
DA:12,1
DA:13,1
DA:14,1
DA:15,1
DA:16,3
DA:17,3
DA:18,3
DA:19,3
DA:20,3
DA:21,3
DA:22,3
DA:23,3
DA:24,1
DA:25,2
DA:26,2
DA:27,2
DA:28,2
LF:28
LH:28
BRDA:16,0,0,3
BRDA:25,1,0,2
BRDA:27,2,0,1
BRF:3
BRH:3
end_of_record
TN:
SF:src/services/auth.service.ts
FN:11,signAccess
FN:15,signRefresh
FN:19,register
FN:51,login
FN:73,refresh
FN:91,logout
FN:95,getMe
FN:101,changePassword
FNF:8
FNH:8
FNDA:4,signAccess
FNDA:3,signRefresh
FNDA:3,register
FNDA:3,login
FNDA:3,refresh
FNDA:1,logout
FNDA:2,getMe
FNDA:3,changePassword
DA:1,1
DA:2,1
DA:3,1
DA:4,1
DA:5,1
DA:6,1
DA:7,1
DA:8,1
DA:9,1
DA:10,1
DA:11,4
DA:12,4
DA:13,4
DA:14,1
DA:15,3
DA:16,3
DA:17,3
DA:18,1
DA:19,3
DA:20,3
DA:21,3
DA:22,2
DA:23,2
DA:24,2
DA:25,2
DA:26,2
DA:27,2
DA:28,2
DA:29,2
DA:30,2
DA:31,2
DA:32,2
DA:33,2
DA:34,2
DA:35,2
DA:36,2
DA:37,2
DA:38,2
DA:39,2
DA:40,2
DA:41,2
DA:42,2
DA:43,2
DA:44,2
DA:45,2
DA:46,2
DA:47,2
DA:48,2
DA:49,2
DA:50,1
DA:51,3
DA:52,3
DA:53,3
DA:54,2
DA:55,2
DA:56,3
DA:57,2
DA:58,2
DA:59,3
DA:60,1
DA:61,1
DA:62,3
DA:63,3
DA:64,3
DA:65,1
DA:66,1
DA:67,1
DA:68,1
DA:69,1
DA:70,1
DA:71,1
DA:72,1
DA:73,3
DA:74,3
DA:75,3
DA:76,3
DA:77,3
DA:78,1
DA:79,1
DA:80,2
DA:81,2
DA:82,3
DA:83,1
DA:84,1
DA:85,3
DA:86,1
DA:87,3
DA:88,3
DA:89,3
DA:90,1
DA:91,1
DA:92,1
DA:93,1
DA:94,1
DA:95,2
DA:96,2
DA:97,2
DA:98,1
DA:99,1
DA:100,1
DA:101,3
DA:102,3
DA:103,3
DA:104,2
DA:105,2
DA:106,3
DA:107,1
DA:108,1
DA:109,1
DA:110,1
DA:111,1
DA:112,1
LF:112
LH:112
BRDA:11,0,0,4
BRDA:15,1,0,3
BRDA:19,2,0,3
BRDA:21,3,0,1
BRDA:21,4,0,2
BRDA:51,5,0,3
BRDA:53,6,0,1
BRDA:53,7,0,2
BRDA:56,8,0,0
BRDA:56,9,0,2
BRDA:59,10,0,1
BRDA:62,11,0,0
BRDA:64,12,0,1
BRDA:73,13,0,3
BRDA:77,14,0,1
BRDA:79,15,0,2
BRDA:82,16,0,1
BRDA:85,17,0,0
BRDA:85,18,0,1
BRDA:87,19,0,0
BRDA:91,20,0,1
BRDA:95,21,0,2
BRDA:97,22,0,1
BRDA:101,23,0,3
BRDA:103,24,0,1
BRDA:103,25,0,2
BRDA:106,26,0,1
BRF:27
BRH:23
end_of_record
TN:
SF:src/services/backlog.service.ts
FN:6,fromHash
FN:10,create
FN:37,findBySquad
FN:46,findById
FN:51,update
FN:64,updateStatus
FN:68,remove
FN:78,reorder
FNF:8
FNH:8
FNDA:7,fromHash
FNDA:2,create
FNDA:2,findBySquad
FNDA:9,findById
FNDA:4,update
FNDA:1,updateStatus
FNDA:3,remove
FNDA:1,reorder
DA:1,1
DA:2,1
DA:3,1
DA:4,1
DA:5,1
DA:6,7
DA:7,7
DA:8,7
DA:9,1
DA:10,2
DA:11,2
DA:12,2
DA:13,1
DA:14,1
DA:15,1
DA:16,1
DA:17,1
DA:18,2
DA:19,2
DA:20,2
DA:21,2
DA:22,2
DA:23,2
DA:24,2
DA:25,2
DA:26,2
DA:27,2
DA:28,2
DA:29,2
DA:30,2
DA:31,2
DA:32,2
DA:33,2
DA:34,1
DA:35,1
DA:36,1
DA:37,2
DA:38,2
DA:39,2
DA:40,1
DA:41,1
DA:42,1
DA:43,2
DA:44,2
DA:45,1
DA:46,9
DA:47,9
DA:48,9
DA:49,9
DA:50,1
DA:51,4
DA:52,4
DA:53,4
DA:54,3
DA:55,3
DA:56,3
DA:57,4
DA:58,1
DA:59,1
DA:60,3
DA:61,3
DA:62,3
DA:63,1
DA:64,1
DA:65,1
DA:66,1
DA:67,1
DA:68,3
DA:69,3
DA:70,3
DA:71,2
DA:72,2
DA:73,2
DA:74,3
DA:75,2
DA:76,2
DA:77,1
DA:78,1
DA:79,1
DA:80,1
DA:81,2
DA:82,2
DA:83,1
DA:84,1
DA:85,1
LF:85
LH:85
BRDA:6,0,0,7
BRDA:10,1,0,2
BRDA:12,2,0,1
BRDA:18,3,0,0
BRDA:19,4,0,1
BRDA:20,5,0,0
BRDA:21,6,0,1
BRDA:22,7,0,1
BRDA:23,8,0,1
BRDA:24,9,0,1
BRDA:25,10,0,1
BRDA:26,11,0,1
BRDA:33,12,0,1
BRDA:37,13,0,2
BRDA:39,14,0,1
BRDA:43,15,0,0
BRDA:41,16,0,1
BRDA:43,17,0,1
BRDA:46,18,0,9
BRDA:48,19,0,6
BRDA:48,20,0,3
BRDA:51,21,0,4
BRDA:53,22,0,1
BRDA:53,23,0,3
BRDA:57,24,0,1
BRDA:59,25,0,3
BRDA:64,26,0,1
BRDA:68,27,0,3
BRDA:70,28,0,1
BRDA:70,29,0,2
BRDA:74,30,0,1
BRDA:74,31,0,2
BRDA:78,32,0,1
BRDA:80,33,0,2
BRF:34
BRH:31
end_of_record
TN:
SF:src/services/chapter.service.ts
FN:6,fromHash
FN:10,create
FN:26,findAll
FN:35,findById
FN:40,update
FN:48,remove
FN:61,getMembers
FN:65,addMember
FN:75,removeMember
FN:82,assignLead
FNF:10
FNH:10
FNDA:3,fromHash
FNDA:2,create
FNDA:1,findAll
FNDA:6,findById
FNDA:3,update
FNDA:2,remove
FNDA:1,getMembers
FNDA:3,addMember
FNDA:1,removeMember
FNDA:1,assignLead
DA:1,1
DA:2,1
DA:3,1
DA:4,1
DA:5,1
DA:6,3
DA:7,3
DA:8,3
DA:9,1
DA:10,2
DA:11,2
DA:12,2
DA:13,1
DA:14,1
DA:15,1
DA:16,2
DA:17,2
DA:18,2
DA:19,2
DA:20,2
DA:21,2
DA:22,2
DA:23,1
DA:24,1
DA:25,1
DA:26,1
DA:27,1
DA:28,1
DA:29,0
DA:30,0
DA:31,0
DA:32,1
DA:33,1
DA:34,1
DA:35,6
DA:36,6
DA:37,6
DA:38,6
DA:39,1
DA:40,3
DA:41,3
DA:42,3
DA:43,2
DA:44,2
DA:45,2
DA:46,2
DA:47,1
DA:48,2
DA:49,2
DA:50,2
DA:51,1
DA:52,1
DA:53,1
DA:54,1
DA:55,1
DA:56,1
DA:57,1
DA:58,1
DA:59,1
DA:60,1
DA:61,1
DA:62,1
DA:63,1
DA:64,1
DA:65,3
DA:66,3
DA:67,3
DA:68,3
DA:69,1
DA:70,1
DA:71,1
DA:72,1
DA:73,1
DA:74,1
DA:75,1
DA:76,1
DA:77,1
DA:78,1
DA:79,1
DA:80,1
DA:81,1
DA:82,1
DA:83,1
DA:84,1
LF:84
LH:81
BRDA:6,0,0,3
BRDA:10,1,0,2
BRDA:12,2,0,1
BRDA:22,3,0,1
BRDA:26,4,0,1
BRDA:28,5,0,0
BRDA:35,6,0,6
BRDA:37,7,0,3
BRDA:37,8,0,3
BRDA:40,9,0,3
BRDA:42,10,0,1
BRDA:42,11,0,2
BRDA:48,12,0,2
BRDA:50,13,0,1
BRDA:53,14,0,1
BRDA:61,15,0,1
BRDA:65,16,0,3
BRDA:67,17,0,1
BRDA:67,18,0,2
BRDA:68,19,0,1
BRDA:75,20,0,1
BRDA:82,21,0,1
BRF:22
BRH:21
end_of_record
TN:
SF:src/services/domain.service.ts
FN:6,fromHash
FN:10,create
FN:21,findAll
FN:30,findById
FN:35,update
FN:43,remove
FN:54,getSubdomains
FN:58,getTribes
FN:62,getTree
FNF:9
FNH:9
FNDA:4,fromHash
FNDA:1,create
FNDA:1,findAll
FNDA:8,findById
FNDA:2,update
FNDA:2,remove
FNDA:1,getSubdomains
FNDA:1,getTribes
FNDA:2,getTree
DA:1,1
DA:2,1
DA:3,1
DA:4,1
DA:5,1
DA:6,4
DA:7,4
DA:8,4
DA:9,1
DA:10,1
DA:11,1
DA:12,1
DA:13,1
DA:14,1
DA:15,1
DA:16,1
DA:17,1
DA:18,1
DA:19,1
DA:20,1
DA:21,1
DA:22,1
DA:23,1
DA:24,0
DA:25,0
DA:26,0
DA:27,1
DA:28,1
DA:29,1
DA:30,8
DA:31,8
DA:32,8
DA:33,8
DA:34,1
DA:35,2
DA:36,2
DA:37,2
DA:38,1
DA:39,1
DA:40,1
DA:41,1
DA:42,1
DA:43,2
DA:44,2
DA:45,2
DA:46,1
DA:47,1
DA:48,1
DA:49,1
DA:50,1
DA:51,1
DA:52,1
DA:53,1
DA:54,1
DA:55,1
DA:56,1
DA:57,1
DA:58,1
DA:59,1
DA:60,1
DA:61,1
DA:62,2
DA:63,2
DA:64,2
DA:65,1
DA:66,1
DA:67,1
DA:68,1
DA:69,1
DA:70,1
DA:71,0
DA:72,0
DA:73,0
DA:74,0
DA:75,0
DA:76,0
DA:77,0
DA:78,0
DA:79,0
DA:80,0
DA:81,0
DA:82,0
DA:83,0
DA:84,0
DA:85,0
DA:86,0
DA:87,1
DA:88,1
DA:89,0
DA:90,0
DA:91,0
DA:92,0
DA:93,0
DA:94,0
DA:95,0
DA:96,0
DA:97,0
DA:98,0
DA:99,0
DA:100,1
DA:101,1
DA:102,1
DA:103,1
DA:104,1
LF:104
LH:74
BRDA:6,0,0,4
BRDA:10,1,0,1
BRDA:21,2,0,1
BRDA:23,3,0,0
BRDA:30,4,0,8
BRDA:32,5,0,4
BRDA:32,6,0,4
BRDA:35,7,0,2
BRDA:37,8,0,1
BRDA:43,9,0,2
BRDA:45,10,0,1
BRDA:54,11,0,1
BRDA:58,12,0,1
BRDA:62,13,0,2
BRDA:64,14,0,1
BRF:15
BRH:14
end_of_record
TN:
SF:src/services/guild.service.ts
FN:6,fromHash
FN:10,create
FN:21,findAll
FN:30,findById
FN:35,update
FN:43,remove
FN:55,getMembers
FN:59,addMember
FN:69,removeMember
FNF:9
FNH:9
FNDA:2,fromHash
FNDA:1,create
FNDA:1,findAll
FNDA:5,findById
FNDA:2,update
FNDA:2,remove
FNDA:1,getMembers
FNDA:1,addMember
FNDA:1,removeMember
DA:1,1
DA:2,1
DA:3,1
DA:4,1
DA:5,1
DA:6,2
DA:7,2
DA:8,2
DA:9,1
DA:10,1
DA:11,1
DA:12,1
DA:13,1
DA:14,1
DA:15,1
DA:16,1
DA:17,1
DA:18,1
DA:19,1
DA:20,1
DA:21,1
DA:22,1
DA:23,1
DA:24,0
DA:25,0
DA:26,0
DA:27,1
DA:28,1
DA:29,1
DA:30,5
DA:31,5
DA:32,5
DA:33,5
DA:34,1
DA:35,2
DA:36,2
DA:37,2
DA:38,1
DA:39,1
DA:40,1
DA:41,1
DA:42,1
DA:43,2
DA:44,2
DA:45,2
DA:46,1
DA:47,1
DA:48,1
DA:49,1
DA:50,1
DA:51,1
DA:52,1
DA:53,1
DA:54,1
DA:55,1
DA:56,1
DA:57,1
DA:58,1
DA:59,1
DA:60,1
DA:61,1
DA:62,1
DA:63,1
DA:64,1
DA:65,1
DA:66,1
DA:67,1
DA:68,1
DA:69,1
DA:70,1
DA:71,1
DA:72,1
DA:73,1
DA:74,1
LF:74
LH:71
BRDA:6,0,0,2
BRDA:10,1,0,1
BRDA:13,2,0,0
BRDA:21,3,0,1
BRDA:23,4,0,0
BRDA:30,5,0,5
BRDA:32,6,0,2
BRDA:32,7,0,3
BRDA:35,8,0,2
BRDA:37,9,0,1
BRDA:43,10,0,2
BRDA:45,11,0,1
BRDA:55,12,0,1
BRDA:59,13,0,1
BRDA:61,14,0,0
BRDA:62,15,0,0
BRDA:69,16,0,1
BRF:17
BRH:13
end_of_record
TN:
SF:src/services/infra.service.ts
FN:5,fromHash
FN:9,create
FN:19,findAll
FN:28,findById
FN:33,findByEnv
FN:42,remove
FNF:6
FNH:6
FNDA:2,fromHash
FNDA:1,create
FNDA:1,findAll
FNDA:4,findById
FNDA:1,findByEnv
FNDA:2,remove
DA:1,1
DA:2,1
DA:3,1
DA:4,1
DA:5,2
DA:6,2
DA:7,2
DA:8,1
DA:9,1
DA:10,1
DA:11,1
DA:12,1
DA:13,1
DA:14,1
DA:15,1
DA:16,1
DA:17,1
DA:18,1
DA:19,1
DA:20,1
DA:21,1
DA:22,0
DA:23,0
DA:24,0
DA:25,1
DA:26,1
DA:27,1
DA:28,4
DA:29,4
DA:30,4
DA:31,4
DA:32,1
DA:33,1
DA:34,1
DA:35,1
DA:36,0
DA:37,0
DA:38,0
DA:39,1
DA:40,1
DA:41,1
DA:42,2
DA:43,2
DA:44,2
DA:45,1
DA:46,1
DA:47,1
DA:48,1
DA:49,1
DA:50,1
LF:50
LH:44
BRDA:5,0,0,2
BRDA:9,1,0,1
BRDA:19,2,0,1
BRDA:21,3,0,0
BRDA:28,4,0,4
BRDA:30,5,0,2
BRDA:30,6,0,2
BRDA:33,7,0,1
BRDA:35,8,0,0
BRDA:42,9,0,2
BRDA:44,10,0,1
BRF:11
BRH:9
end_of_record
TN:
SF:src/services/member.service.ts
FN:7,fromHash
FN:11,create
FN:39,findAll
FN:48,findById
FN:53,update
FN:61,remove
FN:85,getAssignments
FNF:7
FNH:7
FNDA:6,fromHash
FNDA:3,create
FNDA:2,findAll
FNDA:9,findById
FNDA:2,update
FNDA:3,remove
FNDA:2,getAssignments
DA:1,1
DA:2,1
DA:3,1
DA:4,1
DA:5,1
DA:6,1
DA:7,6
DA:8,6
DA:9,6
DA:10,1
DA:11,3
DA:12,3
DA:13,3
DA:14,3
DA:15,3
DA:16,2
DA:17,2
DA:18,2
DA:19,2
DA:20,2
DA:21,2
DA:22,2
DA:23,2
DA:24,2
DA:25,2
DA:26,3
DA:27,1
DA:28,1
DA:29,1
DA:30,1
DA:31,1
DA:32,1
DA:33,2
DA:34,2
DA:35,2
DA:36,2
DA:37,2
DA:38,1
DA:39,2
DA:40,2
DA:41,2
DA:42,1
DA:43,1
DA:44,1
DA:45,2
DA:46,2
DA:47,1
DA:48,9
DA:49,9
DA:50,9
DA:51,9
DA:52,1
DA:53,2
DA:54,2
DA:55,2
DA:56,1
DA:57,1
DA:58,1
DA:59,1
DA:60,1
DA:61,3
DA:62,3
DA:63,3
DA:64,2
DA:65,2
DA:66,2
DA:67,2
DA:68,2
DA:69,2
DA:70,2
DA:71,2
DA:72,2
DA:73,2
DA:74,2
DA:75,2
DA:76,3
DA:77,1
DA:78,1
DA:79,1
DA:80,1
DA:81,1
DA:82,2
DA:83,2
DA:84,1
DA:85,2
DA:86,2
DA:87,2
DA:88,1
DA:89,1
DA:90,1
LF:90
LH:90
BRDA:7,0,0,6
BRDA:11,1,0,3
BRDA:15,2,0,1
BRDA:15,3,0,2
BRDA:26,4,0,1
BRDA:32,5,0,2
BRDA:39,6,0,2
BRDA:41,7,0,1
BRDA:45,8,0,0
BRDA:43,9,0,1
BRDA:45,10,0,1
BRDA:48,11,0,9
BRDA:50,12,0,5
BRDA:50,13,0,4
BRDA:53,14,0,2
BRDA:55,15,0,1
BRDA:61,16,0,3
BRDA:63,17,0,1
BRDA:63,18,0,2
BRDA:76,19,0,1
BRDA:81,20,0,2
BRDA:85,21,0,2
BRDA:87,22,0,1
BRF:23
BRH:22
end_of_record
TN:
SF:src/services/okr.service.ts
FN:6,fromHash
FN:10,create
FN:26,findBySquad
FN:35,findById
FN:40,update
FN:48,remove
FN:63,getKeyResults
FN:75,addKeyResult
FN:87,updateKeyResult
FN:95,removeKeyResult
FNF:10
FNH:10
FNDA:4,fromHash
FNDA:2,create
FNDA:2,findBySquad
FNDA:6,findById
FNDA:2,update
FNDA:2,remove
FNDA:2,getKeyResults
FNDA:2,addKeyResult
FNDA:2,updateKeyResult
FNDA:1,removeKeyResult
DA:1,1
DA:2,1
DA:3,1
DA:4,1
DA:5,1
DA:6,4
DA:7,4
DA:8,4
DA:9,1
DA:10,2
DA:11,2
DA:12,2
DA:13,1
DA:14,1
DA:15,1
DA:16,2
DA:17,2
DA:18,2
DA:19,2
DA:20,2
DA:21,2
DA:22,2
DA:23,1
DA:24,1
DA:25,1
DA:26,2
DA:27,2
DA:28,2
DA:29,2
DA:30,2
DA:31,2
DA:32,2
DA:33,2
DA:34,1
DA:35,6
DA:36,6
DA:37,6
DA:38,6
DA:39,1
DA:40,2
DA:41,2
DA:42,2
DA:43,1
DA:44,1
DA:45,1
DA:46,1
DA:47,1
DA:48,2
DA:49,2
DA:50,2
DA:51,1
DA:52,1
DA:53,1
DA:54,1
DA:55,1
DA:56,1
DA:57,1
DA:58,1
DA:59,1
DA:60,1
DA:61,1
DA:62,1
DA:63,2
DA:64,2
DA:65,2
DA:66,1
DA:67,1
DA:68,1
DA:69,2
DA:70,1
DA:71,1
DA:72,2
DA:73,2
DA:74,1
DA:75,2
DA:76,2
DA:77,2
DA:78,1
DA:79,1
DA:80,1
DA:81,1
DA:82,1
DA:83,1
DA:84,1
DA:85,1
DA:86,1
DA:87,2
DA:88,2
DA:89,2
DA:90,1
DA:91,1
DA:92,1
DA:93,1
DA:94,1
DA:95,1
DA:96,1
DA:97,1
DA:98,1
DA:99,1
DA:100,1
LF:100
LH:100
BRDA:6,0,0,4
BRDA:10,1,0,2
BRDA:12,2,0,1
BRDA:22,3,0,1
BRDA:26,4,0,2
BRDA:28,5,0,0
BRDA:32,6,0,0
BRDA:30,7,0,2
BRDA:32,8,0,1
BRDA:35,9,0,6
BRDA:37,10,0,3
BRDA:37,11,0,3
BRDA:40,12,0,2
BRDA:42,13,0,1
BRDA:48,14,0,2
BRDA:50,15,0,1
BRDA:53,16,0,1
BRDA:63,17,0,2
BRDA:65,18,0,1
BRDA:69,19,0,0
BRDA:67,20,0,1
BRDA:69,21,0,1
BRDA:75,22,0,2
BRDA:77,23,0,1
BRDA:87,24,0,2
BRDA:89,25,0,1
BRDA:95,26,0,1
BRF:27
BRH:24
end_of_record
TN:
SF:src/services/sprint.service.ts
FN:6,fromHash
FN:10,create
FN:27,findBySquad
FN:36,findActive
FN:43,findById
FN:48,update
FN:56,start
FN:72,complete
FN:105,remove
FN:118,addItem
FN:125,removeItem
FN:132,getItems
FNF:12
FNH:12
FNDA:10,fromHash
FNDA:2,create
FNDA:2,findBySquad
FNDA:2,findActive
FNDA:13,findById
FNDA:2,update
FNDA:4,start
FNDA:3,complete
FNDA:3,remove
FNDA:1,addItem
FNDA:1,removeItem
FNDA:1,getItems
DA:1,1
DA:2,1
DA:3,1
DA:4,1
DA:5,1
DA:6,10
DA:7,10
DA:8,10
DA:9,1
DA:10,2
DA:11,2
DA:12,2
DA:13,1
DA:14,1
DA:15,1
DA:16,1
DA:17,1
DA:18,1
DA:19,1
DA:20,1
DA:21,1
DA:22,1
DA:23,1
DA:24,1
DA:25,1
DA:26,1
DA:27,2
DA:28,2
DA:29,2
DA:30,2
DA:31,2
DA:32,2
DA:33,2
DA:34,2
DA:35,1
DA:36,2
DA:37,2
DA:38,2
DA:39,1
DA:40,2
DA:41,2
DA:42,1
DA:43,13
DA:44,13
DA:45,13
DA:46,13
DA:47,1
DA:48,2
DA:49,2
DA:50,2
DA:51,1
DA:52,1
DA:53,1
DA:54,1
DA:55,1
DA:56,4
DA:57,4
DA:58,4
DA:59,3
DA:60,3
DA:61,4
DA:62,4
DA:63,1
DA:64,1
DA:65,1
DA:66,1
DA:67,1
DA:68,1
DA:69,1
DA:70,1
DA:71,1
DA:72,3
DA:73,3
DA:74,3
DA:75,3
DA:76,1
DA:77,1
DA:78,1
DA:79,1
DA:80,3
DA:81,0
DA:82,0
DA:83,0
DA:84,0
DA:85,0
DA:86,0
DA:87,0
DA:88,0
DA:89,0
DA:90,0
DA:91,0
DA:92,0
DA:93,0
DA:94,0
DA:95,0
DA:96,1
DA:97,1
DA:98,1
DA:99,1
DA:100,1
DA:101,1
DA:102,1
DA:103,1
DA:104,1
DA:105,3
DA:106,3
DA:107,3
DA:108,2
DA:109,2
DA:110,2
DA:111,2
DA:112,2
DA:113,2
DA:114,3
DA:115,2
DA:116,2
DA:117,1
DA:118,1
DA:119,1
DA:120,1
DA:121,1
DA:122,1
DA:123,1
DA:124,1
DA:125,1
DA:126,1
DA:127,1
DA:128,1
DA:129,1
DA:130,1
DA:131,1
DA:132,1
DA:133,1
DA:134,1
LF:134
LH:119
BRDA:6,0,0,10
BRDA:7,1,0,0
BRDA:10,2,0,2
BRDA:12,3,0,1
BRDA:27,4,0,2
BRDA:29,5,0,0
BRDA:33,6,0,0
BRDA:31,7,0,2
BRDA:33,8,0,1
BRDA:36,9,0,2
BRDA:38,10,0,1
BRDA:40,11,0,1
BRDA:40,12,0,0
BRDA:43,13,0,13
BRDA:45,14,0,8
BRDA:45,15,0,5
BRDA:48,16,0,2
BRDA:50,17,0,1
BRDA:56,18,0,4
BRDA:58,19,0,1
BRDA:58,20,0,3
BRDA:61,21,0,1
BRDA:61,22,0,2
BRDA:62,23,0,1
BRDA:72,24,0,3
BRDA:74,25,0,1
BRDA:74,26,0,2
BRDA:75,27,0,1
BRDA:80,28,0,0
BRDA:95,29,0,1
BRDA:105,30,0,3
BRDA:107,31,0,1
BRDA:107,32,0,2
BRDA:114,33,0,1
BRDA:114,34,0,2
BRDA:118,35,0,1
BRDA:125,36,0,1
BRDA:132,37,0,1
BRF:38
BRH:33
end_of_record
TN:
SF:src/services/squad.service.ts
FN:6,fromHash
FN:10,create
FN:27,findAll
FN:36,findById
FN:41,update
FN:49,remove
FN:68,findByKey
FN:74,getMembers
FN:78,addMember
FN:93,updateMemberRole
FN:105,removeMember
FN:112,assignLead
FNF:12
FNH:12
FNDA:6,fromHash
FNDA:2,create
FNDA:2,findAll
FNDA:8,findById
FNDA:3,update
FNDA:2,remove
FNDA:2,findByKey
FNDA:1,getMembers
FNDA:3,addMember
FNDA:2,updateMemberRole
FNDA:1,removeMember
FNDA:1,assignLead
DA:1,1
DA:2,1
DA:3,1
DA:4,1
DA:5,1
DA:6,6
DA:7,6
DA:8,6
DA:9,1
DA:10,2
DA:11,2
DA:12,2
DA:13,1
DA:14,2
DA:15,2
DA:16,2
DA:17,2
DA:18,2
DA:19,2
DA:20,2
DA:21,2
DA:22,2
DA:23,1
DA:24,1
DA:25,1
DA:26,1
DA:27,2
DA:28,2
DA:29,2
DA:30,1
DA:31,1
DA:32,1
DA:33,2
DA:34,2
DA:35,1
DA:36,8
DA:37,8
DA:38,8
DA:39,8
DA:40,1
DA:41,3
DA:42,3
DA:43,3
DA:44,2
DA:45,2
DA:46,2
DA:47,2
DA:48,1
DA:49,2
DA:50,2
DA:51,2
DA:52,1
DA:53,1
DA:54,1
DA:55,1
DA:56,1
DA:57,1
DA:58,1
DA:59,1
DA:60,1
DA:61,1
DA:62,1
DA:63,1
DA:64,1
DA:65,1
DA:66,1
DA:67,1
DA:68,2
DA:69,2
DA:70,2
DA:71,1
DA:72,1
DA:73,1
DA:74,1
DA:75,1
DA:76,1
DA:77,1
DA:78,3
DA:79,3
DA:80,3
DA:81,3
DA:82,3
DA:83,3
DA:84,3
DA:85,1
DA:86,1
DA:87,1
DA:88,1
DA:89,1
DA:90,1
DA:91,1
DA:92,1
DA:93,2
DA:94,2
DA:95,2
DA:96,2
DA:97,2
DA:98,2
DA:99,2
DA:100,2
DA:101,2
DA:102,1
DA:103,1
DA:104,1
DA:105,1
DA:106,1
DA:107,1
DA:108,1
DA:109,1
DA:110,1
DA:111,1
DA:112,1
DA:113,1
DA:114,1
LF:114
LH:114
BRDA:6,0,0,6
BRDA:10,1,0,2
BRDA:12,2,0,1
BRDA:14,3,0,0
BRDA:16,4,0,1
BRDA:16,5,0,1
BRDA:16,6,0,0
BRDA:16,7,0,1
BRDA:16,8,0,1
BRDA:16,9,0,1
BRDA:16,10,0,1
BRDA:16,11,0,1
BRDA:16,12,0,1
BRDA:22,13,0,1
BRDA:27,14,0,2
BRDA:29,15,0,1
BRDA:33,16,0,0
BRDA:31,17,0,1
BRDA:33,18,0,1
BRDA:36,19,0,8
BRDA:38,20,0,5
BRDA:38,21,0,3
BRDA:41,22,0,3
BRDA:43,23,0,1
BRDA:43,24,0,2
BRDA:49,25,0,2
BRDA:51,26,0,1
BRDA:68,27,0,2
BRDA:70,28,0,1
BRDA:74,29,0,1
BRDA:78,30,0,3
BRDA:83,31,0,1
BRDA:83,32,0,2
BRDA:84,33,0,1
BRDA:93,34,0,2
BRDA:98,35,0,0
BRDA:99,36,0,0
BRDA:101,37,0,1
BRDA:105,38,0,1
BRDA:112,39,0,1
BRF:40
BRH:35
end_of_record
TN:
SF:src/services/subdomain.service.ts
FN:6,fromHash
FN:10,create
FN:25,findAll
FN:34,findById
FN:39,update
FN:47,remove
FN:58,getTribes
FNF:7
FNH:5
FNDA:2,fromHash
FNDA:1,create
FNDA:0,findAll
FNDA:4,findById
FNDA:2,update
FNDA:1,remove
FNDA:0,getTribes
DA:1,1
DA:2,1
DA:3,1
DA:4,1
DA:5,1
DA:6,2
DA:7,2
DA:8,2
DA:9,1
DA:10,1
DA:11,1
DA:12,1
DA:13,1
DA:14,1
DA:15,1
DA:16,1
DA:17,1
DA:18,1
DA:19,1
DA:20,1
DA:21,1
DA:22,1
DA:23,1
DA:24,1
DA:25,0
DA:26,0
DA:27,0
DA:28,0
DA:29,0
DA:30,0
DA:31,0
DA:32,0
DA:33,1
DA:34,4
DA:35,4
DA:36,4
DA:37,4
DA:38,1
DA:39,2
DA:40,2
DA:41,2
DA:42,1
DA:43,1
DA:44,1
DA:45,1
DA:46,1
DA:47,1
DA:48,1
DA:49,1
DA:50,1
DA:51,1
DA:52,1
DA:53,1
DA:54,1
DA:55,1
DA:56,1
DA:57,1
DA:58,0
DA:59,0
DA:60,0
LF:60
LH:49
BRDA:6,0,0,2
BRDA:10,1,0,1
BRDA:12,2,0,0
BRDA:34,3,0,4
BRDA:36,4,0,2
BRDA:36,5,0,2
BRDA:39,6,0,2
BRDA:41,7,0,1
BRDA:47,8,0,1
BRDA:49,9,0,0
BRF:10
BRH:8
end_of_record
TN:
SF:src/services/tribe.service.ts
FN:6,fromHash
FN:10,create
FN:30,findAll
FN:39,findById
FN:44,update
FN:52,remove
FN:68,getSquads
FN:72,getChapters
FN:76,assignLead
FNF:9
FNH:9
FNDA:4,fromHash
FNDA:2,create
FNDA:1,findAll
FNDA:7,findById
FNDA:3,update
FNDA:3,remove
FNDA:1,getSquads
FNDA:1,getChapters
FNDA:1,assignLead
DA:1,1
DA:2,1
DA:3,1
DA:4,1
DA:5,1
DA:6,4
DA:7,4
DA:8,4
DA:9,1
DA:10,2
DA:11,2
DA:12,2
DA:13,1
DA:14,1
DA:15,2
DA:16,2
DA:17,2
DA:18,2
DA:19,2
DA:20,2
DA:21,2
DA:22,0
DA:23,2
DA:24,1
DA:25,1
DA:26,1
DA:27,1
DA:28,1
DA:29,1
DA:30,1
DA:31,1
DA:32,1
DA:33,0
DA:34,0
DA:35,0
DA:36,1
DA:37,1
DA:38,1
DA:39,7
DA:40,7
DA:41,7
DA:42,7
DA:43,1
DA:44,3
DA:45,3
DA:46,3
DA:47,2
DA:48,2
DA:49,2
DA:50,2
DA:51,1
DA:52,3
DA:53,3
DA:54,3
DA:55,2
DA:56,2
DA:57,2
DA:58,2
DA:59,2
DA:60,3
DA:61,1
DA:62,1
DA:63,1
DA:64,1
DA:65,2
DA:66,2
DA:67,1
DA:68,1
DA:69,1
DA:70,1
DA:71,1
DA:72,1
DA:73,1
DA:74,1
DA:75,1
DA:76,1
DA:77,1
DA:78,1
LF:78
LH:74
BRDA:6,0,0,4
BRDA:10,1,0,2
BRDA:12,2,0,1
BRDA:16,3,0,1
BRDA:16,4,0,1
BRDA:16,5,0,1
BRDA:16,6,0,1
BRDA:16,7,0,1
BRDA:21,8,0,0
BRDA:23,9,0,1
BRDA:30,10,0,1
BRDA:32,11,0,0
BRDA:39,12,0,7
BRDA:41,13,0,4
BRDA:41,14,0,3
BRDA:44,15,0,3
BRDA:46,16,0,1
BRDA:46,17,0,2
BRDA:52,18,0,3
BRDA:54,19,0,1
BRDA:54,20,0,2
BRDA:60,21,0,1
BRDA:64,22,0,2
BRDA:68,23,0,1
BRDA:72,24,0,1
BRDA:76,25,0,1
BRF:26
BRH:24
end_of_record
